<?xml version="1.0"?><coverage lines-covered="332" lines-valid="379" line-rate="0.8759894459102903" branches-covered="0" branches-valid="0" branch-rate="0" complexity="0" version="1.9" timestamp="1737546133"><sources><source>/home/runner/work/fluent4rs/fluent4rs</source></sources><packages><package name="src/ast" line-rate="0.9137931034482759" branch-rate="0" complexity="0"><classes><class name="argument" filename="src/ast/argument.rs" line-rate="1" branch-rate="0" complexity="0"><methods/><lines><line number="10" hits="1"/><line number="11" hits="1"/><line number="12" hits="1"/><line number="13" hits="1"/><line number="15" hits="1"/></lines></class><class name="attribute" filename="src/ast/attribute.rs" line-rate="1" branch-rate="0" complexity="0"><methods/><lines><line number="10" hits="1"/><line number="19" hits="1"/><line number="20" hits="2"/></lines></class><class name="attribute_accessor" filename="src/ast/attribute_accessor.rs" line-rate="0" branch-rate="0" complexity="0"><methods/><lines><line number="7" hits="0"/><line number="8" hits="0"/><line number="13" hits="0"/><line number="14" hits="0"/></lines></class><class name="block_placeable" filename="src/ast/block_placeable.rs" line-rate="0" branch-rate="0" complexity="0"><methods/><lines><line number="7" hits="0"/><line number="8" hits="0"/><line number="13" hits="0"/><line number="14" hits="0"/></lines></class><class name="block_text" filename="src/ast/block_text.rs" line-rate="1" branch-rate="0" complexity="0"><methods/><lines><line number="5" hits="1"/><line number="6" hits="1"/><line number="11" hits="1"/><line number="12" hits="1"/></lines></class><class name="call_arguments" filename="src/ast/call_arguments.rs" line-rate="1" branch-rate="0" complexity="0"><methods/><lines><line number="7" hits="1"/><line number="8" hits="1"/><line number="13" hits="1"/><line number="15" hits="2"/><line number="18" hits="2"/><line number="21" hits="1"/></lines></class><class name="comment_line" filename="src/ast/comment_line.rs" line-rate="1" branch-rate="0" complexity="0"><methods/><lines><line number="8" hits="1"/><line number="14" hits="1"/><line number="15" hits="4"/><line number="16" hits="1"/></lines></class><class name="default_variant" filename="src/ast/default_variant.rs" line-rate="1" branch-rate="0" complexity="0"><methods/><lines><line number="10" hits="1"/><line number="19" hits="1"/><line number="20" hits="2"/></lines></class><class name="entry" filename="src/ast/entry.rs" line-rate="1" branch-rate="0" complexity="0"><methods/><lines><line number="11" hits="1"/><line number="12" hits="1"/><line number="13" hits="1"/><line number="14" hits="1"/><line number="15" hits="1"/><line number="17" hits="1"/></lines></class><class name="function_reference" filename="src/ast/function_reference.rs" line-rate="1" branch-rate="0" complexity="0"><methods/><lines><line number="10" hits="1"/><line number="19" hits="1"/><line number="20" hits="2"/></lines></class><class name="identifier" filename="src/ast/identifier.rs" line-rate="1" branch-rate="0" complexity="0"><methods/><lines><line number="5" hits="1"/><line number="6" hits="1"/><line number="11" hits="1"/><line number="12" hits="1"/></lines></class><class name="inline_expression" filename="src/ast/inline_expression.rs" line-rate="0.8" branch-rate="0" complexity="0"><methods/><lines><line number="18" hits="1"/><line number="19" hits="1"/><line number="20" hits="1"/><line number="21" hits="0"/><line number="22" hits="1"/><line number="23" hits="1"/><line number="24" hits="1"/><line number="25" hits="1"/><line number="26" hits="0"/><line number="28" hits="1"/></lines></class><class name="inline_placeable" filename="src/ast/inline_placeable.rs" line-rate="1" branch-rate="0" complexity="0"><methods/><lines><line number="10" hits="1"/><line number="11" hits="1"/><line number="12" hits="1"/><line number="13" hits="1"/><line number="15" hits="1"/></lines></class><class name="inline_text" filename="src/ast/inline_text.rs" line-rate="1" branch-rate="0" complexity="0"><methods/><lines><line number="5" hits="1"/><line number="6" hits="1"/><line number="11" hits="1"/><line number="12" hits="1"/></lines></class><class name="junk" filename="src/ast/junk.rs" line-rate="1" branch-rate="0" complexity="0"><methods/><lines><line number="5" hits="1"/><line number="6" hits="1"/><line number="11" hits="1"/><line number="12" hits="2"/><line number="15" hits="2"/><line number="18" hits="1"/></lines></class><class name="literal" filename="src/ast/literal.rs" line-rate="1" branch-rate="0" complexity="0"><methods/><lines><line number="10" hits="1"/><line number="11" hits="1"/><line number="16" hits="1"/><line number="17" hits="1"/><line number="22" hits="1"/><line number="23" hits="1"/><line number="24" hits="1"/><line number="25" hits="1"/><line number="27" hits="1"/></lines></class><class name="message" filename="src/ast/message.rs" line-rate="0.8333333333333334" branch-rate="0" complexity="0"><methods/><lines><line number="10" hits="1"/><line number="11" hits="1"/><line number="12" hits="1"/><line number="13" hits="2"/><line number="15" hits="2"/><line number="18" hits="1"/><line number="20" hits="0"/><line number="22" hits="0"/><line number="26" hits="1"/><line number="37" hits="1"/><line number="46" hits="1"/><line number="47" hits="2"/></lines></class><class name="message_reference" filename="src/ast/message_reference.rs" line-rate="0.875" branch-rate="0" complexity="0"><methods/><lines><line number="10" hits="1"/><line number="19" hits="1"/><line number="20" hits="1"/><line number="24" hits="2"/><line number="25" hits="0"/><line number="27" hits="1"/><line number="29" hits="2"/><line number="31" hits="1"/></lines></class><class name="named_argument" filename="src/ast/named_argument.rs" line-rate="1" branch-rate="0" complexity="0"><methods/><lines><line number="10" hits="1"/><line number="19" hits="1"/><line number="20" hits="2"/></lines></class><class name="number_literal" filename="src/ast/number_literal.rs" line-rate="1" branch-rate="0" complexity="0"><methods/><lines><line number="5" hits="1"/><line number="6" hits="1"/><line number="11" hits="1"/><line number="12" hits="1"/></lines></class><class name="pattern" filename="src/ast/pattern.rs" line-rate="1" branch-rate="0" complexity="0"><methods/><lines><line number="7" hits="1"/><line number="8" hits="1"/><line number="13" hits="1"/><line number="14" hits="2"/><line number="17" hits="2"/><line number="20" hits="1"/></lines></class><class name="pattern_element" filename="src/ast/pattern_element.rs" line-rate="0.8571428571428571" branch-rate="0" complexity="0"><methods/><lines><line number="12" hits="1"/><line number="13" hits="1"/><line number="14" hits="1"/><line number="15" hits="1"/><line number="16" hits="1"/><line number="17" hits="0"/><line number="19" hits="1"/></lines></class><class name="resource" filename="src/ast/resource.rs" line-rate="1" branch-rate="0" complexity="0"><methods/><lines><line number="11" hits="1"/><line number="12" hits="1"/><line number="13" hits="1"/><line number="14" hits="1"/><line number="15" hits="1"/><line number="17" hits="1"/><line number="25" hits="1"/><line number="26" hits="1"/><line number="31" hits="1"/><line number="32" hits="2"/><line number="35" hits="2"/><line number="38" hits="1"/></lines></class><class name="select_expression" filename="src/ast/select_expression.rs" line-rate="1" branch-rate="0" complexity="0"><methods/><lines><line number="10" hits="1"/><line number="19" hits="1"/><line number="20" hits="2"/></lines></class><class name="string_literal" filename="src/ast/string_literal.rs" line-rate="1" branch-rate="0" complexity="0"><methods/><lines><line number="5" hits="1"/><line number="6" hits="1"/><line number="11" hits="1"/><line number="12" hits="1"/></lines></class><class name="term" filename="src/ast/term.rs" line-rate="1" branch-rate="0" complexity="0"><methods/><lines><line number="11" hits="1"/><line number="21" hits="1"/><line number="22" hits="2"/><line number="25" hits="2"/><line number="28" hits="2"/></lines></class><class name="term_reference" filename="src/ast/term_reference.rs" line-rate="1" branch-rate="0" complexity="0"><methods/><lines><line number="13" hits="1"/><line number="27" hits="1"/><line number="28" hits="1"/><line number="32" hits="2"/><line number="34" hits="1"/><line number="35" hits="2"/><line number="36" hits="1"/><line number="38" hits="1"/><line number="40" hits="2"/><line number="42" hits="3"/></lines></class><class name="variable_reference" filename="src/ast/variable_reference.rs" line-rate="1" branch-rate="0" complexity="0"><methods/><lines><line number="7" hits="1"/><line number="8" hits="1"/><line number="13" hits="1"/><line number="14" hits="1"/></lines></class><class name="variant" filename="src/ast/variant.rs" line-rate="1" branch-rate="0" complexity="0"><methods/><lines><line number="10" hits="1"/><line number="19" hits="1"/><line number="20" hits="2"/></lines></class><class name="variant_key" filename="src/ast/variant_key.rs" line-rate="1" branch-rate="0" complexity="0"><methods/><lines><line number="10" hits="1"/><line number="11" hits="1"/><line number="12" hits="1"/><line number="13" hits="1"/><line number="15" hits="1"/></lines></class><class name="variant_list" filename="src/ast/variant_list.rs" line-rate="0.875" branch-rate="0" complexity="0"><methods/><lines><line number="11" hits="1"/><line number="25" hits="1"/><line number="26" hits="2"/><line number="29" hits="2"/><line number="32" hits="1"/><line number="33" hits="3"/><line number="36" hits="0"/><line number="39" hits="1"/></lines></class></classes></package><package name="src" line-rate="0.8759894459102903" branch-rate="0" complexity="0"><classes><class name="grammar" filename="src/grammar.rs" line-rate="0.8465346534653465" branch-rate="0" complexity="0"><methods/><lines><line number="9" hits="1"/><line number="10" hits="4"/><line number="11" hits="2"/><line number="12" hits="2"/><line number="13" hits="0"/><line number="14" hits="0"/><line number="15" hits="0"/><line number="27" hits="1"/><line number="28" hits="6"/><line number="29" hits="4"/><line number="30" hits="2"/><line number="31" hits="0"/><line number="35" hits="1"/><line number="36" hits="6"/><line number="37" hits="2"/><line number="38" hits="2"/><line number="39" hits="2"/><line number="40" hits="5"/><line number="41" hits="3"/><line number="42" hits="2"/><line number="43" hits="0"/><line number="47" hits="1"/><line number="48" hits="8"/><line number="49" hits="2"/><line number="50" hits="2"/><line number="51" hits="2"/><line number="52" hits="2"/><line number="53" hits="2"/><line number="54" hits="2"/><line number="55" hits="2"/><line number="56" hits="0"/><line number="62" hits="1"/><line number="63" hits="4"/><line number="64" hits="2"/><line number="65" hits="2"/><line number="66" hits="2"/><line number="67" hits="4"/><line number="68" hits="2"/><line number="70" hits="0"/><line number="74" hits="1"/><line number="75" hits="1"/><line number="86" hits="1"/><line number="87" hits="3"/><line number="88" hits="2"/><line number="89" hits="2"/><line number="90" hits="1"/><line number="91" hits="2"/><line number="92" hits="1"/><line number="94" hits="0"/><line number="98" hits="1"/><line number="99" hits="1"/><line number="101" hits="0"/><line number="102" hits="0"/><line number="107" hits="1"/><line number="108" hits="9"/><line number="109" hits="2"/><line number="110" hits="2"/><line number="111" hits="2"/><line number="112" hits="2"/><line number="113" hits="2"/><line number="114" hits="2"/><line number="115" hits="2"/><line number="116" hits="2"/><line number="117" hits="0"/><line number="122" hits="1"/><line number="123" hits="1"/><line number="124" hits="2"/><line number="125" hits="0"/><line number="136" hits="1"/><line number="137" hits="5"/><line number="138" hits="2"/><line number="139" hits="2"/><line number="140" hits="2"/><line number="141" hits="0"/><line number="145" hits="1"/><line number="146" hits="1"/><line number="148" hits="0"/><line number="149" hits="0"/><line number="153" hits="1"/><line number="154" hits="1"/><line number="156" hits="0"/><line number="157" hits="0"/><line number="161" hits="1"/><line number="162" hits="6"/><line number="163" hits="2"/><line number="164" hits="3"/><line number="165" hits="3"/><line number="166" hits="2"/><line number="167" hits="2"/><line number="168" hits="2"/><line number="169" hits="0"/><line number="173" hits="1"/><line number="174" hits="1"/><line number="175" hits="0"/><line number="176" hits="0"/><line number="189" hits="1"/><line number="190" hits="7"/><line number="191" hits="2"/><line number="192" hits="2"/><line number="193" hits="2"/><line number="194" hits="2"/><line number="195" hits="2"/><line number="196" hits="2"/><line number="201" hits="1"/><line number="202" hits="3"/><line number="203" hits="2"/><line number="207" hits="1"/><line number="208" hits="1"/><line number="210" hits="0"/><line number="215" hits="1"/><line number="216" hits="3"/><line number="220" hits="1"/><line number="221" hits="3"/><line number="225" hits="1"/><line number="226" hits="1"/><line number="227" hits="2"/><line number="231" hits="1"/><line number="232" hits="3"/><line number="236" hits="1"/><line number="237" hits="1"/><line number="241" hits="1"/><line number="242" hits="1"/><line number="243" hits="2"/><line number="247" hits="1"/><line number="248" hits="1"/><line number="249" hits="2"/><line number="250" hits="4"/><line number="251" hits="1"/><line number="252" hits="2"/><line number="254" hits="1"/><line number="261" hits="1"/><line number="262" hits="2"/><line number="263" hits="2"/><line number="267" hits="1"/><line number="268" hits="6"/><line number="269" hits="2"/><line number="270" hits="2"/><line number="271" hits="2"/><line number="272" hits="2"/><line number="273" hits="2"/><line number="278" hits="1"/><line number="279" hits="1"/><line number="280" hits="2"/><line number="284" hits="1"/><line number="285" hits="1"/><line number="286" hits="2"/><line number="290" hits="1"/><line number="291" hits="1"/><line number="292" hits="2"/><line number="296" hits="1"/><line number="297" hits="1"/><line number="298" hits="2"/><line number="302" hits="1"/><line number="303" hits="5"/><line number="304" hits="3"/><line number="305" hits="3"/><line number="306" hits="2"/><line number="307" hits="2"/><line number="308" hits="2"/><line number="313" hits="1"/><line number="314" hits="5"/><line number="315" hits="4"/><line number="317" hits="0"/><line number="318" hits="0"/><line number="331" hits="1"/><line number="332" hits="1"/><line number="333" hits="3"/><line number="335" hits="0"/><line number="349" hits="1"/><line number="350" hits="1"/><line number="354" hits="1"/><line number="355" hits="1"/><line number="359" hits="1"/><line number="360" hits="1"/><line number="375" hits="1"/><line number="376" hits="3"/><line number="380" hits="1"/><line number="381" hits="1"/><line number="383" hits="0"/><line number="388" hits="1"/><line number="389" hits="5"/><line number="390" hits="4"/><line number="392" hits="0"/><line number="398" hits="1"/><line number="399" hits="1"/><line number="404" hits="1"/><line number="405" hits="3"/><line number="406" hits="0"/><line number="408" hits="0"/><line number="413" hits="1"/><line number="414" hits="1"/><line number="420" hits="1"/><line number="421" hits="2"/><line number="422" hits="0"/><line number="423" hits="1"/><line number="424" hits="2"/><line number="428" hits="1"/><line number="429" hits="1"/><line number="431" hits="0"/><line number="432" hits="0"/><line number="436" hits="1"/><line number="437" hits="3"/></lines></class><class name="parser" filename="src/parser.rs" line-rate="0.6666666666666666" branch-rate="0" complexity="0"><methods/><lines><line number="7" hits="1"/><line number="8" hits="2"/><line number="10" hits="0"/></lines></class></classes></package><package name="tests" line-rate="0" branch-rate="0" complexity="0"><classes></classes></package></packages></coverage>